HYPEROID.C
ROIDSUPP.C
Microsoft (R) Windows Resource Compiler  Version 3.00
Copyright (C) Microsoft Corp. 1985-1990.  All rights reserved.


Microsoft (R) Segmented-Executable Linker  Version 5.10    
Copyright (C) Microsoft Corp 1984-1990.  All rights reserved.

**** PARSE DEFINITIONS FILE ****
**** PASS ONE ****
HYPEROID.obj(HYPEROID.C)
ROIDSUPP.obj(ROIDSUPP.C)
**** LIBRARY SEARCH ****
C:\WINDEV30\LIB\MLIBCEW.lib(windows\winstart.asm)
C:\WINDEV30\LIB\MLIBCEW.lib(windows\wnull.asm)
C:\WINDEV30\LIB\MLIBCEW.lib(dos\crt0dat.asm)
C:\WINDEV30\LIB\MLIBCEW.lib(dos\crt0msg.asm)
C:\WINDEV30\LIB\MLIBCEW.lib(crt0fp.asm)
C:\WINDEV30\LIB\MLIBCEW.lib(dos\stdargv.asm)
C:\WINDEV30\LIB\MLIBCEW.lib(dos\stdenvp.asm)
C:\WINDEV30\LIB\MLIBCEW.lib(windows\fatal.asm)
C:\WINDEV30\LIB\MLIBCEW.lib(dos\nmsghdr.asm)
C:\WINDEV30\LIB\MLIBCEW.lib(dos\stdalloc.asm)
C:\WINDEV30\LIB\MLIBCEW.lib(windows\windgrp.asm)
C:\WINDEV30\LIB\MLIBCEW.lib(windows\windgrpx.c)
C:\WINDEV30\LIB\MLIBCEW.lib(malloc.asm)
C:\WINDEV30\LIB\MLIBCEW.lib(windows\winheap.c)
C:\WINDEV30\LIB\MLIBCEW.lib(strcpy.asm)
C:\WINDEV30\LIB\MLIBCEW.lib(strlen.asm)
C:\WINDEV30\LIB\MLIBCEW.lib(atoi.asm)
C:\WINDEV30\LIB\MLIBCEW.lib(atol.asm)
C:\WINDEV30\LIB\MLIBCEW.lib(atof.c)
C:\WINDEV30\LIB\MLIBCEW.lib(atox.asm)
C:\WINDEV30\LIB\MLIBCEW.lib(_fptostr.c)
C:\WINDEV30\LIB\MLIBCEW.lib(cmiscdat.asm)
C:\WINDEV30\LIB\MLIBCEW.lib(ctype.asm)
C:\WINDEV30\LIB\MLIBCEW.lib(memcpy.asm)
C:\WINDEV30\LIB\MLIBCEW.lib(memset.asm)
C:\WINDEV30\LIB\MLIBCEW.lib(dos\wrt2err.asm)
C:\WINDEV30\LIB\MLIBCEW.lib(ldiv.asm)
C:\WINDEV30\LIB\MLIBCEW.lib(lmul.asm)
C:\WINDEV30\LIB\MLIBCEW.lib(__fpmath)
C:\WINDEV30\LIB\MLIBCEW.lib(\mrt6\common\87disp.ASM)
C:\WINDEV30\LIB\MLIBCEW.lib(\mrt6\common\87tran.ASM)
C:\WINDEV30\LIB\MLIBCEW.lib(\mrt6\common\87trig.ASM)
C:\WINDEV30\LIB\MLIBCEW.lib(\mrt6\common\fixups.ASM)
C:\WINDEV30\LIB\MLIBCEW.lib(\mrt6\common\x8fout.ASM)
C:\WINDEV30\LIB\MLIBCEW.lib(\mrt6\common\x8tmul.ASM)
C:\WINDEV30\LIB\MLIBCEW.lib(\mrt6\common\x10fout.ASM)
C:\WINDEV30\LIB\MLIBCEW.lib(\mrt6\common\tenpow.asm)
C:\WINDEV30\LIB\MLIBCEW.lib(\mrt6\common\mantold.asm)
C:\WINDEV30\LIB\MLIBCEW.lib(\mrt6\common\strgtod.asm)
C:\WINDEV30\LIB\MLIBCEW.lib(\mrt6\common\strgtold.asm)
C:\WINDEV30\LIB\MLIBCEW.lib(\mrt6\c\cvt.c)
C:\WINDEV30\LIB\MLIBCEW.lib(\mrt6\c\87ctrig.ASM)
C:\WINDEV30\LIB\MLIBCEW.lib(\mrt6\c\87exist.ASM)
C:\WINDEV30\LIB\MLIBCEW.lib(\mrt6\c\87cdisp.ASM)
C:\WINDEV30\LIB\MLIBCEW.lib(\mrt6\c\87ftol.ASM)
C:\WINDEV30\LIB\MLIBCEW.lib(\mrt6\c\cfinn.c)
C:\WINDEV30\LIB\MLIBCEW.lib(\mrt6\c\cfout.ASM)
C:\WINDEV30\LIB\MLIBCEW.lib(\mrt6\c\cfpsig.ASM)
C:\WINDEV30\LIB\MLIBCEW.lib(\mrt6\c\fltusedc.ASM)
C:\WINDEV30\LIB\MLIBCEW.lib(\mrt6\c\huge.ASM)
C:\WINDEV30\LIB\MLIBCEW.lib(\mrt6\c\matherr.ASM)
C:\WINDEV30\LIB\MLIBCEW.lib(\mrt6\c\cvtld.c)
C:\WINDEV30\LIB\MLIBCEW.lib(\mrt6\c\atold.c)
C:\WINDEV30\LIB\LIBW.lib(FATALEXIT)
C:\WINDEV30\LIB\LIBW.lib(LOCALALLOC)
C:\WINDEV30\LIB\LIBW.lib(LOCALREALLOC)
C:\WINDEV30\LIB\LIBW.lib(LOCALFREE)
C:\WINDEV30\LIB\LIBW.lib(GLOBALALLOC)
C:\WINDEV30\LIB\LIBW.lib(GLOBALREALLOC)
C:\WINDEV30\LIB\LIBW.lib(GLOBALFREE)
C:\WINDEV30\LIB\LIBW.lib(LOCKSEGMENT)
C:\WINDEV30\LIB\LIBW.lib(UNLOCKSEGMENT)
C:\WINDEV30\LIB\LIBW.lib(WAITEVENT)
C:\WINDEV30\LIB\LIBW.lib(MAKEPROCINSTANCE)
C:\WINDEV30\LIB\LIBW.lib(FREEPROCINSTANCE)
C:\WINDEV30\LIB\LIBW.lib(GETINSTANCEDATA)
C:\WINDEV30\LIB\LIBW.lib(INITTASK)
C:\WINDEV30\LIB\LIBW.lib(OUTPUTDEBUGSTRING)
C:\WINDEV30\LIB\LIBW.lib(GETPRIVATEPROFILEINT)
C:\WINDEV30\LIB\LIBW.lib(GETPRIVATEPROFILESTRING)
C:\WINDEV30\LIB\LIBW.lib(WRITEPRIVATEPROFILESTRING)
C:\WINDEV30\LIB\LIBW.lib(FATALAPPEXIT)
C:\WINDEV30\LIB\LIBW.lib(SETMAPMODE)
C:\WINDEV30\LIB\LIBW.lib(SETWINDOWEXT)
C:\WINDEV30\LIB\LIBW.lib(SETVIEWPORTORG)
C:\WINDEV30\LIB\LIBW.lib(SETVIEWPORTEXT)
C:\WINDEV30\LIB\LIBW.lib(LINETO)
C:\WINDEV30\LIB\LIBW.lib(MOVETO)
C:\WINDEV30\LIB\LIBW.lib(INTERSECTCLIPRECT)
C:\WINDEV30\LIB\LIBW.lib(PATBLT)
C:\WINDEV30\LIB\LIBW.lib(SETPIXEL)
C:\WINDEV30\LIB\LIBW.lib(BITBLT)
C:\WINDEV30\LIB\LIBW.lib(POLYLINE)
C:\WINDEV30\LIB\LIBW.lib(SELECTOBJECT)
C:\WINDEV30\LIB\LIBW.lib(CREATECOMPATIBLEDC)
C:\WINDEV30\LIB\LIBW.lib(CREATEPEN)
C:\WINDEV30\LIB\LIBW.lib(CREATESOLIDBRUSH)
C:\WINDEV30\LIB\LIBW.lib(DELETEDC)
C:\WINDEV30\LIB\LIBW.lib(DELETEOBJECT)
C:\WINDEV30\LIB\LIBW.lib(GETDEVICECAPS)
C:\WINDEV30\LIB\LIBW.lib(GETOBJECT)
C:\WINDEV30\LIB\LIBW.lib(MULDIV)
C:\WINDEV30\LIB\LIBW.lib(SETBRUSHORG)
C:\WINDEV30\LIB\LIBW.lib(CREATEIC)
C:\WINDEV30\LIB\LIBW.lib(CREATEPALETTE)
C:\WINDEV30\LIB\LIBW.lib(MESSAGEBOX)
C:\WINDEV30\LIB\LIBW.lib(INITAPP)
C:\WINDEV30\LIB\LIBW.lib(POSTQUITMESSAGE)
C:\WINDEV30\LIB\LIBW.lib(SETTIMER)
C:\WINDEV30\LIB\LIBW.lib(KILLTIMER)
C:\WINDEV30\LIB\LIBW.lib(GETCURRENTTIME)
C:\WINDEV30\LIB\LIBW.lib(ISICONIC)
C:\WINDEV30\LIB\LIBW.lib(GETWINDOWRECT)
C:\WINDEV30\LIB\LIBW.lib(GETCLIENTRECT)
C:\WINDEV30\LIB\LIBW.lib(SETWINDOWTEXT)
C:\WINDEV30\LIB\LIBW.lib(BEGINPAINT)
C:\WINDEV30\LIB\LIBW.lib(ENDPAINT)
C:\WINDEV30\LIB\LIBW.lib(CREATEWINDOW)
C:\WINDEV30\LIB\LIBW.lib(SHOWWINDOW)
C:\WINDEV30\LIB\LIBW.lib(REGISTERCLASS)
C:\WINDEV30\LIB\LIBW.lib(GETDC)
C:\WINDEV30\LIB\LIBW.lib(GETWINDOWDC)
C:\WINDEV30\LIB\LIBW.lib(RELEASEDC)
C:\WINDEV30\LIB\LIBW.lib(FILLRECT)
C:\WINDEV30\LIB\LIBW.lib(DRAWICON)
C:\WINDEV30\LIB\LIBW.lib(DIALOGBOX)
C:\WINDEV30\LIB\LIBW.lib(ENDDIALOG)
C:\WINDEV30\LIB\LIBW.lib(SETDLGITEMTEXT)
C:\WINDEV30\LIB\LIBW.lib(MESSAGEBEEP)
C:\WINDEV30\LIB\LIBW.lib(DEFWINDOWPROC)
C:\WINDEV30\LIB\LIBW.lib(GETMESSAGE)
C:\WINDEV30\LIB\LIBW.lib(TRANSLATEMESSAGE)
C:\WINDEV30\LIB\LIBW.lib(DISPATCHMESSAGE)
C:\WINDEV30\LIB\LIBW.lib(UPDATEWINDOW)
C:\WINDEV30\LIB\LIBW.lib(INVALIDATERECT)
C:\WINDEV30\LIB\LIBW.lib(CHANGEMENU)
C:\WINDEV30\LIB\LIBW.lib(GETSYSTEMMENU)
C:\WINDEV30\LIB\LIBW.lib(LOADCURSOR)
C:\WINDEV30\LIB\LIBW.lib(LOADICON)
C:\WINDEV30\LIB\LIBW.lib(LOADBITMAP)
C:\WINDEV30\LIB\LIBW.lib(LOADSTRING)
C:\WINDEV30\LIB\LIBW.lib(GETSYSTEMMETRICS)
C:\WINDEV30\LIB\LIBW.lib(GETSYSCOLOR)
C:\WINDEV30\LIB\LIBW.lib(GETASYNCKEYSTATE)
C:\WINDEV30\LIB\LIBW.lib(ISZOOMED)
C:\WINDEV30\LIB\LIBW.lib(SELECTPALETTE)
C:\WINDEV30\LIB\LIBW.lib(REALIZEPALETTE)
C:\WINDEV30\LIB\LIBW.lib(_wsprintf)
**** ASSIGN ADDRESSES ****
  1 segment "HYPEROID" class "CODE" length 0H bytes
  2 segment "ROIDSUPP" class "CODE" length 0H bytes
  3 segment "HYPEROID_TEXT" class "CODE" length 3078H bytes
  4 segment "_DATA" class "DATA" length F32H bytes
  5 segment "CONST" class "CONST" length 18H bytes
  6 segment "_BSS" class "BSS" length 5AH bytes
  7 segment "ROIDSUPP_TEXT" class "CODE" length 884H bytes
  8 segment "_TEXT" class "CODE" length 2792H bytes
  9 segment "NULL" class "BEGDATA" length 10H bytes
 10 segment "CDATA" class "DATA" length EH bytes
 11 segment "XIFB" class "DATA" length 0H bytes
 12 segment "XIF" class "DATA" length 0H bytes
 13 segment "XIFE" class "DATA" length 0H bytes
 14 segment "XIB" class "DATA" length 0H bytes
 15 segment "XI" class "DATA" length CH bytes
 16 segment "XIE" class "DATA" length 0H bytes
 17 segment "XOB" class "BSS" length 0H bytes
 18 segment "XO" class "BSS" length 0H bytes
 19 segment "XOE" class "BSS" length 0H bytes
 20 segment "XPB" class "DATA" length 0H bytes
 21 segment "XP" class "DATA" length 0H bytes
 22 segment "XPE" class "DATA" length 0H bytes
 23 segment "XCB" class "DATA" length 0H bytes
 24 segment "XC" class "DATA" length 0H bytes
 25 segment "XCE" class "DATA" length 0H bytes
 26 segment "XCFB" class "DATA" length 0H bytes
 27 segment "XCF" class "DATA" length 0H bytes
 28 segment "XCFE" class "DATA" length 0H bytes
 29 segment "DBDATA" class "DATA" length CH bytes
 30 segment "XIQC" class "DATA" length 2H bytes
 31 segment "HDR" class "MSG" length 19H bytes
 32 segment "MSG" class "MSG" length 361H bytes
 33 segment "PAD" class "MSG" length 2H bytes
 34 segment "EPAD" class "MSG" length 1H bytes
 35 segment "c_common" class "BSS" length 271EH bytes
**** PRINT MAP ****
**** PASS TWO ****
HYPEROID.obj(HYPEROID.C)
ROIDSUPP.obj(ROIDSUPP.C)
C:\WINDEV30\LIB\MLIBCEW.lib(windows\winstart.asm)
C:\WINDEV30\LIB\MLIBCEW.lib(windows\wnull.asm)
C:\WINDEV30\LIB\MLIBCEW.lib(dos\crt0dat.asm)
C:\WINDEV30\LIB\MLIBCEW.lib(dos\crt0msg.asm)
C:\WINDEV30\LIB\MLIBCEW.lib(crt0fp.asm)
C:\WINDEV30\LIB\MLIBCEW.lib(dos\stdargv.asm)
C:\WINDEV30\LIB\MLIBCEW.lib(dos\stdenvp.asm)
C:\WINDEV30\LIB\MLIBCEW.lib(windows\fatal.asm)
C:\WINDEV30\LIB\MLIBCEW.lib(dos\nmsghdr.asm)
C:\WINDEV30\LIB\MLIBCEW.lib(dos\stdalloc.asm)
C:\WINDEV30\LIB\MLIBCEW.lib(windows\windgrp.asm)
C:\WINDEV30\LIB\MLIBCEW.lib(windows\windgrpx.c)
C:\WINDEV30\LIB\MLIBCEW.lib(malloc.asm)
C:\WINDEV30\LIB\MLIBCEW.lib(windows\winheap.c)
C:\WINDEV30\LIB\MLIBCEW.lib(strcpy.asm)
C:\WINDEV30\LIB\MLIBCEW.lib(strlen.asm)
C:\WINDEV30\LIB\MLIBCEW.lib(atoi.asm)
C:\WINDEV30\LIB\MLIBCEW.lib(atol.asm)
C:\WINDEV30\LIB\MLIBCEW.lib(atof.c)
C:\WINDEV30\LIB\MLIBCEW.lib(atox.asm)
C:\WINDEV30\LIB\MLIBCEW.lib(_fptostr.c)
C:\WINDEV30\LIB\MLIBCEW.lib(cmiscdat.asm)
C:\WINDEV30\LIB\MLIBCEW.lib(ctype.asm)
C:\WINDEV30\LIB\MLIBCEW.lib(memcpy.asm)
C:\WINDEV30\LIB\MLIBCEW.lib(memset.asm)
C:\WINDEV30\LIB\MLIBCEW.lib(dos\wrt2err.asm)
C:\WINDEV30\LIB\MLIBCEW.lib(ldiv.asm)
C:\WINDEV30\LIB\MLIBCEW.lib(lmul.asm)
C:\WINDEV30\LIB\MLIBCEW.lib(__fpmath)
C:\WINDEV30\LIB\MLIBCEW.lib(\mrt6\common\87disp.ASM)
C:\WINDEV30\LIB\MLIBCEW.lib(\mrt6\common\87tran.ASM)
C:\WINDEV30\LIB\MLIBCEW.lib(\mrt6\common\87trig.ASM)
C:\WINDEV30\LIB\MLIBCEW.lib(\mrt6\common\fixups.ASM)
C:\WINDEV30\LIB\MLIBCEW.lib(\mrt6\common\x8fout.ASM)
C:\WINDEV30\LIB\MLIBCEW.lib(\mrt6\common\x8tmul.ASM)
C:\WINDEV30\LIB\MLIBCEW.lib(\mrt6\common\x10fout.ASM)
C:\WINDEV30\LIB\MLIBCEW.lib(\mrt6\common\tenpow.asm)
C:\WINDEV30\LIB\MLIBCEW.lib(\mrt6\common\mantold.asm)
C:\WINDEV30\LIB\MLIBCEW.lib(\mrt6\common\strgtod.asm)
C:\WINDEV30\LIB\MLIBCEW.lib(\mrt6\common\strgtold.asm)
C:\WINDEV30\LIB\MLIBCEW.lib(\mrt6\c\cvt.c)
C:\WINDEV30\LIB\MLIBCEW.lib(\mrt6\c\87ctrig.ASM)
C:\WINDEV30\LIB\MLIBCEW.lib(\mrt6\c\87exist.ASM)
C:\WINDEV30\LIB\MLIBCEW.lib(\mrt6\c\87cdisp.ASM)
C:\WINDEV30\LIB\MLIBCEW.lib(\mrt6\c\87ftol.ASM)
C:\WINDEV30\LIB\MLIBCEW.lib(\mrt6\c\cfinn.c)
C:\WINDEV30\LIB\MLIBCEW.lib(\mrt6\c\cfout.ASM)
C:\WINDEV30\LIB\MLIBCEW.lib(\mrt6\c\cfpsig.ASM)
C:\WINDEV30\LIB\MLIBCEW.lib(\mrt6\c\fltusedc.ASM)
C:\WINDEV30\LIB\MLIBCEW.lib(\mrt6\c\huge.ASM)
C:\WINDEV30\LIB\MLIBCEW.lib(\mrt6\c\matherr.ASM)
C:\WINDEV30\LIB\MLIBCEW.lib(\mrt6\c\cvtld.c)
C:\WINDEV30\LIB\MLIBCEW.lib(\mrt6\c\atold.c)
C:\WINDEV30\LIB\LIBW.lib(FATALEXIT)
C:\WINDEV30\LIB\LIBW.lib(LOCALALLOC)
C:\WINDEV30\LIB\LIBW.lib(LOCALREALLOC)
C:\WINDEV30\LIB\LIBW.lib(LOCALFREE)
C:\WINDEV30\LIB\LIBW.lib(GLOBALALLOC)
C:\WINDEV30\LIB\LIBW.lib(GLOBALREALLOC)
C:\WINDEV30\LIB\LIBW.lib(GLOBALFREE)
C:\WINDEV30\LIB\LIBW.lib(LOCKSEGMENT)
C:\WINDEV30\LIB\LIBW.lib(UNLOCKSEGMENT)
C:\WINDEV30\LIB\LIBW.lib(WAITEVENT)
C:\WINDEV30\LIB\LIBW.lib(MAKEPROCINSTANCE)
C:\WINDEV30\LIB\LIBW.lib(FREEPROCINSTANCE)
C:\WINDEV30\LIB\LIBW.lib(GETINSTANCEDATA)
C:\WINDEV30\LIB\LIBW.lib(INITTASK)
C:\WINDEV30\LIB\LIBW.lib(OUTPUTDEBUGSTRING)
C:\WINDEV30\LIB\LIBW.lib(GETPRIVATEPROFILEINT)
C:\WINDEV30\LIB\LIBW.lib(GETPRIVATEPROFILESTRING)
C:\WINDEV30\LIB\LIBW.lib(WRITEPRIVATEPROFILESTRING)
C:\WINDEV30\LIB\LIBW.lib(FATALAPPEXIT)
C:\WINDEV30\LIB\LIBW.lib(SETMAPMODE)
C:\WINDEV30\LIB\LIBW.lib(SETWINDOWEXT)
C:\WINDEV30\LIB\LIBW.lib(SETVIEWPORTORG)
C:\WINDEV30\LIB\LIBW.lib(SETVIEWPORTEXT)
C:\WINDEV30\LIB\LIBW.lib(LINETO)
C:\WINDEV30\LIB\LIBW.lib(MOVETO)
C:\WINDEV30\LIB\LIBW.lib(INTERSECTCLIPRECT)
C:\WINDEV30\LIB\LIBW.lib(PATBLT)
C:\WINDEV30\LIB\LIBW.lib(SETPIXEL)
C:\WINDEV30\LIB\LIBW.lib(BITBLT)
C:\WINDEV30\LIB\LIBW.lib(POLYLINE)
C:\WINDEV30\LIB\LIBW.lib(SELECTOBJECT)
C:\WINDEV30\LIB\LIBW.lib(CREATECOMPATIBLEDC)
C:\WINDEV30\LIB\LIBW.lib(CREATEPEN)
C:\WINDEV30\LIB\LIBW.lib(CREATESOLIDBRUSH)
C:\WINDEV30\LIB\LIBW.lib(DELETEDC)
C:\WINDEV30\LIB\LIBW.lib(DELETEOBJECT)
C:\WINDEV30\LIB\LIBW.lib(GETDEVICECAPS)
C:\WINDEV30\LIB\LIBW.lib(GETOBJECT)
C:\WINDEV30\LIB\LIBW.lib(MULDIV)
C:\WINDEV30\LIB\LIBW.lib(SETBRUSHORG)
C:\WINDEV30\LIB\LIBW.lib(CREATEIC)
C:\WINDEV30\LIB\LIBW.lib(CREATEPALETTE)
C:\WINDEV30\LIB\LIBW.lib(MESSAGEBOX)
C:\WINDEV30\LIB\LIBW.lib(INITAPP)
C:\WINDEV30\LIB\LIBW.lib(POSTQUITMESSAGE)
C:\WINDEV30\LIB\LIBW.lib(SETTIMER)
C:\WINDEV30\LIB\LIBW.lib(KILLTIMER)
C:\WINDEV30\LIB\LIBW.lib(GETCURRENTTIME)
C:\WINDEV30\LIB\LIBW.lib(ISICONIC)
C:\WINDEV30\LIB\LIBW.lib(GETWINDOWRECT)
C:\WINDEV30\LIB\LIBW.lib(GETCLIENTRECT)
C:\WINDEV30\LIB\LIBW.lib(SETWINDOWTEXT)
C:\WINDEV30\LIB\LIBW.lib(BEGINPAINT)
C:\WINDEV30\LIB\LIBW.lib(ENDPAINT)
C:\WINDEV30\LIB\LIBW.lib(CREATEWINDOW)
C:\WINDEV30\LIB\LIBW.lib(SHOWWINDOW)
C:\WINDEV30\LIB\LIBW.lib(REGISTERCLASS)
C:\WINDEV30\LIB\LIBW.lib(GETDC)
C:\WINDEV30\LIB\LIBW.lib(GETWINDOWDC)
C:\WINDEV30\LIB\LIBW.lib(RELEASEDC)
C:\WINDEV30\LIB\LIBW.lib(FILLRECT)
C:\WINDEV30\LIB\LIBW.lib(DRAWICON)
C:\WINDEV30\LIB\LIBW.lib(DIALOGBOX)
C:\WINDEV30\LIB\LIBW.lib(ENDDIALOG)
C:\WINDEV30\LIB\LIBW.lib(SETDLGITEMTEXT)
C:\WINDEV30\LIB\LIBW.lib(MESSAGEBEEP)
C:\WINDEV30\LIB\LIBW.lib(DEFWINDOWPROC)
C:\WINDEV30\LIB\LIBW.lib(GETMESSAGE)
C:\WINDEV30\LIB\LIBW.lib(TRANSLATEMESSAGE)
C:\WINDEV30\LIB\LIBW.lib(DISPATCHMESSAGE)
C:\WINDEV30\LIB\LIBW.lib(UPDATEWINDOW)
C:\WINDEV30\LIB\LIBW.lib(INVALIDATERECT)
C:\WINDEV30\LIB\LIBW.lib(CHANGEMENU)
C:\WINDEV30\LIB\LIBW.lib(GETSYSTEMMENU)
C:\WINDEV30\LIB\LIBW.lib(LOADCURSOR)
C:\WINDEV30\LIB\LIBW.lib(LOADICON)
C:\WINDEV30\LIB\LIBW.lib(LOADBITMAP)
C:\WINDEV30\LIB\LIBW.lib(LOADSTRING)
C:\WINDEV30\LIB\LIBW.lib(GETSYSTEMMETRICS)
C:\WINDEV30\LIB\LIBW.lib(GETSYSCOLOR)
C:\WINDEV30\LIB\LIBW.lib(GETASYNCKEYSTATE)
C:\WINDEV30\LIB\LIBW.lib(ISZOOMED)
C:\WINDEV30\LIB\LIBW.lib(SELECTPALETTE)
C:\WINDEV30\LIB\LIBW.lib(REALIZEPALETTE)
C:\WINDEV30\LIB\LIBW.lib(_wsprintf)
**** WRITING EXECUTABLE ****
Microsoft (R) Windows Resource Compiler  Version 3.00
Copyright (C) Microsoft Corp. 1985-1990.  All rights reserved.

RC: warning RW4002: Entry point segment 3 set to PRELOAD
RC: warning RW4002: Non-discardable segment 4 set to PRELOAD
